<?xml version='1.0' encoding='UTF-8'?>
<testsuite hostname="ShumpeiSenami.local" name="CalcSpec" tests="7" errors="0" failures="0" skipped="0" time="0.453" timestamp="2019-06-07T15:09:12">
                     <properties>
      <property name="awt.toolkit" value="sun.lwawt.macosx.LWCToolkit"/><property name="java.specification.version" value="12"/><property name="sun.jnu.encoding" value="UTF-8"/><property name="sun.arch.data.model" value="64"/><property name="java.vendor.url" value="https://java.oracle.com/"/><property name="sun.boot.library.path" value="/Library/Java/JavaVirtualMachines/jdk-12.jdk/Contents/Home/lib"/><property name="sun.java.command" value="/usr/local/Cellar/sbt/1.2.8/libexec/bin/sbt-launch.jar clean coverage test"/><property name="jdk.debug" value="release"/><property name="java.specification.vendor" value="Oracle Corporation"/><property name="java.version.date" value="2019-03-19"/><property name="java.home" value="/Library/Java/JavaVirtualMachines/jdk-12.jdk/Contents/Home"/><property name="file.separator" value="/"/><property name="java.vm.compressedOopsMode" value="Zero based"/><property name="line.separator" value="
"/><property name="java.vm.specification.vendor" value="Oracle Corporation"/><property name="java.specification.name" value="Java Platform API Specification"/><property name="sun.management.compiler" value="HotSpot 64-Bit Tiered Compilers"/><property name="java.runtime.version" value="12+33"/><property name="user.name" value="shun"/><property name="file.encoding" value="UTF-8"/><property name="jnidispatch.path" value="/var/folders/s5/p96pcq0d2v78r4stkv36rr980000gn/T/jna-3529646/jna17332320009655807191.tmp"/><property name="jna.loaded" value="true"/><property name="java.io.tmpdir" value="/var/folders/s5/p96pcq0d2v78r4stkv36rr980000gn/T/"/><property name="java.version" value="12"/><property name="java.vm.specification.name" value="Java Virtual Machine Specification"/><property name="java.library.path" value="/Users/shun/Library/Java/Extensions:/Library/Java/Extensions:/Network/Library/Java/Extensions:/System/Library/Java/Extensions:/usr/lib/java:."/><property name="java.vendor" value="Oracle Corporation"/><property name="scala.ext.dirs" value="/Users/shun/.sbt/0.13/java9-rt-ext-oracle_corporation_12"/><property name="sun.io.unicode.encoding" value="UnicodeBig"/><property name="socksNonProxyHosts" value="local|*.local|169.254/16|*.169.254/16"/><property name="java.class.path" value="/usr/local/Cellar/sbt/1.2.8/libexec/bin/sbt-launch.jar"/><property name="java.vm.vendor" value="Oracle Corporation"/><property name="jline.shutdownhook" value="false"/><property name="user.timezone" value="Asia/Tokyo"/><property name="java.vm.specification.version" value="12"/><property name="os.name" value="Mac OS X"/><property name="sun.java.launcher" value="SUN_STANDARD"/><property name="user.country" value="JP"/><property name="http.nonProxyHosts" value="local|*.local|169.254/16|*.169.254/16"/><property name="sun.cpu.endian" value="little"/><property name="user.home" value="/Users/shun"/><property name="user.language" value="ja"/><property name="java.awt.graphicsenv" value="sun.awt.CGraphicsEnvironment"/><property name="jline.esc.timeout" value="0"/><property name="ftp.nonProxyHosts" value="local|*.local|169.254/16|*.169.254/16"/><property name="path.separator" value=":"/><property name="os.version" value="10.14.5"/><property name="jna.nosys" value="true"/><property name="java.runtime.name" value="Java(TM) SE Runtime Environment"/><property name="java.vm.name" value="Java HotSpot(TM) 64-Bit Server VM"/><property name="jna.platform.library.path" value="/usr/lib:/usr/lib"/><property name="java.vendor.url.bug" value="https://bugreport.java.com/bugreport/"/><property name="user.dir" value="/Users/shun/workspace/scala-fp"/><property name="os.arch" value="x86_64"/><property name="java.vm.info" value="mixed mode, sharing"/><property name="java.vm.version" value="12+33"/><property name="java.class.version" value="56.0"/>
    </properties>
                     <testcase classname="CalcSpec" name="sum関数 should 整数の配列を取得し、それらを足し合わせた整数を返すことができる" time="0.016">
                                                 
                                               </testcase><testcase classname="CalcSpec" name="sum関数 should Intの最大値を上回った際にはオーバーフローする" time="0.003">
                                                 
                                               </testcase><testcase classname="CalcSpec" name="div関数 should 整数を2つ受け取り、分子を分母で割った浮動小数点の値を返す" time="0.0">
                                                 
                                               </testcase><testcase classname="CalcSpec" name="div関数 should 0で割ろうとした際には実行時に例外が投げられる" time="0.001">
                                                 
                                               </testcase><testcase classname="CalcSpec" name="isPrime関数 should その値が素数であるかどうかのブール値を返す" time="0.001">
                                                 
                                               </testcase><testcase classname="CalcSpec" name="isPrime関数 should 100万以下の値の素数判定を1秒以内で処理できる" time="0.015">
                                                 
                                               </testcase><testcase classname="CalcSpec" name="Calcのモックオブジェクト should 振る舞いを偽装することができる" time="0.417">
                                                 
                                               </testcase>
                     <system-out><![CDATA[]]></system-out>
                     <system-err><![CDATA[]]></system-err>
                   </testsuite>